<?xml version="1.0" encoding="UTF-8"?>
<!-- Generated by org.testng.reporters.JUnitXMLReporter -->
<testsuite ignored="4" hostname="Pert" failures="0" tests="6" name="AutomationTest" time="30.258" errors="0" timestamp="2025-06-26T19:22:02 IST">
  <testcase classname="testCase.LoginTest" name="LoginTestCase_1" time="1.927"/>
  <testcase classname="testCase.LoginTest" name="LoginTestCase_2" time="1.584"/>
  <testcase classname="testCase.LoginTest" name="verifyLocalStorageCheck" time="1.471"/>
  <testcase classname="testCase.AdvancedTestCase" name="GetTextOverride" time="1.452"/>
  <testcase classname="testCase.AdvancedTestCase" name="validateUserNameSession" time="1.612"/>
  <testcase classname="testCase.CartTest" name="AddToCartTestCase" time="12.26"/>
  <testcase classname="testCase.BaseTest" name="@BeforeSuite startReport" time="0.0">
    <ignored/>
  </testcase> <!-- @BeforeSuite startReport -->
  <testcase classname="testCase.BaseTest" name="@BeforeSuite startReport" time="0.0">
    <ignored/>
  </testcase> <!-- @BeforeSuite startReport -->
  <testcase classname="testCase.BaseTest" name="@AfterSuite tearDown" time="0.0">
    <ignored/>
  </testcase> <!-- @AfterSuite tearDown -->
  <testcase classname="testCase.BaseTest" name="@AfterSuite tearDown" time="0.0">
    <ignored/>
  </testcase> <!-- @AfterSuite tearDown -->
</testsuite> <!-- AutomationTest -->
