<?xml version="1.0" encoding="UTF-8"?>
<testng-results ignored="0" total="2" passed="2" failed="0" skipped="0">
  <reporter-output>
  </reporter-output>
  <suite started-at="2025-06-25T20:56:52 IST" name="Suite-1" finished-at="2025-06-25T20:57:00 IST" duration-ms="8613">
    <groups>
    </groups>
    <test started-at="2025-06-25T20:56:52 IST" name="AutomationTest" finished-at="2025-06-25T20:57:00 IST" duration-ms="8613">
      <class name="testCase.LoginTest">
        <test-method is-config="true" signature="startReport()[pri:0, instance:testCase.LoginTest@712625fd]" started-at="2025-06-25T20:56:50 IST" name="startReport" finished-at="2025-06-25T20:56:52 IST" duration-ms="1506" status="PASS">
          <reporter-output>
          </reporter-output>
        </test-method> <!-- startReport -->
        <test-method is-config="true" signature="setup(java.lang.String,java.lang.reflect.Method)[pri:0, instance:testCase.LoginTest@712625fd]" started-at="2025-06-25T20:56:52 IST" name="setup" finished-at="2025-06-25T20:56:55 IST" duration-ms="2830" status="PASS">
          <params>
            <param index="0">
              <value>
                <![CDATA[chrome]]>
              </value>
            </param>
            <param index="1">
              <value>
                <![CDATA[public void testCase.LoginTest.LoginTestCase_1() throws java.lang.Throwable]]>
              </value>
            </param>
          </params>
          <reporter-output>
          </reporter-output>
        </test-method> <!-- setup -->
        <test-method signature="LoginTestCase_1()[pri:0, instance:testCase.LoginTest@712625fd]" started-at="2025-06-25T20:56:55 IST" name="LoginTestCase_1" finished-at="2025-06-25T20:56:57 IST" duration-ms="2154" status="PASS">
          <reporter-output>
          </reporter-output>
        </test-method> <!-- LoginTestCase_1 -->
        <test-method is-config="true" signature="getResult(org.testng.ITestResult)[pri:0, instance:testCase.LoginTest@712625fd]" started-at="2025-06-25T20:56:57 IST" name="getResult" finished-at="2025-06-25T20:56:57 IST" duration-ms="656" status="PASS">
          <params>
            <param index="0">
              <value>
                <![CDATA[[TestResult name=LoginTestCase_1 status=SUCCESS method=LoginTest.LoginTestCase_1()[pri:0, instance:testCase.LoginTest@712625fd] output={null}]]]>
              </value>
            </param>
          </params>
          <reporter-output>
          </reporter-output>
        </test-method> <!-- getResult -->
        <test-method is-config="true" signature="setup(java.lang.String,java.lang.reflect.Method)[pri:0, instance:testCase.LoginTest@712625fd]" started-at="2025-06-25T20:56:57 IST" name="setup" finished-at="2025-06-25T20:56:58 IST" duration-ms="1047" status="PASS">
          <params>
            <param index="0">
              <value>
                <![CDATA[chrome]]>
              </value>
            </param>
            <param index="1">
              <value>
                <![CDATA[public void testCase.LoginTest.LoginTestCase_2() throws java.lang.InterruptedException]]>
              </value>
            </param>
          </params>
          <reporter-output>
          </reporter-output>
        </test-method> <!-- setup -->
        <test-method signature="LoginTestCase_2()[pri:0, instance:testCase.LoginTest@712625fd]" started-at="2025-06-25T20:56:58 IST" name="LoginTestCase_2" finished-at="2025-06-25T20:57:00 IST" duration-ms="1529" status="PASS">
          <reporter-output>
          </reporter-output>
        </test-method> <!-- LoginTestCase_2 -->
        <test-method is-config="true" signature="getResult(org.testng.ITestResult)[pri:0, instance:testCase.LoginTest@712625fd]" started-at="2025-06-25T20:57:00 IST" name="getResult" finished-at="2025-06-25T20:57:00 IST" duration-ms="329" status="PASS">
          <params>
            <param index="0">
              <value>
                <![CDATA[[TestResult name=LoginTestCase_2 status=SUCCESS method=LoginTest.LoginTestCase_2()[pri:0, instance:testCase.LoginTest@712625fd] output={null}]]]>
              </value>
            </param>
          </params>
          <reporter-output>
          </reporter-output>
        </test-method> <!-- getResult -->
        <test-method is-config="true" signature="tearDown()[pri:0, instance:testCase.LoginTest@712625fd]" started-at="2025-06-25T20:57:00 IST" name="tearDown" finished-at="2025-06-25T20:57:01 IST" duration-ms="405" status="PASS">
          <reporter-output>
          </reporter-output>
        </test-method> <!-- tearDown -->
      </class> <!-- testCase.LoginTest -->
    </test> <!-- AutomationTest -->
  </suite> <!-- Suite-1 -->
</testng-results>
