<?xml version="1.0" encoding="UTF-8"?>
<testng-results ignored="0" total="6" passed="6" failed="0" skipped="0">
  <reporter-output>
  </reporter-output>
  <suite started-at="2025-06-26T19:21:32 IST" name="Suite-1" finished-at="2025-06-26T19:22:02 IST" duration-ms="30258">
    <groups>
    </groups>
    <test started-at="2025-06-26T19:21:32 IST" name="AutomationTest" finished-at="2025-06-26T19:22:02 IST" duration-ms="30258">
      <class name="testCase.CartTest">
        <test-method is-config="true" signature="setup(java.lang.String,java.lang.reflect.Method)[pri:0, instance:testCase.CartTest@6a2f6f80]" started-at="2025-06-26T19:21:48 IST" name="setup" finished-at="2025-06-26T19:21:49 IST" duration-ms="934" status="PASS">
          <params>
            <param index="0">
              <value>
                <![CDATA[chrome]]>
              </value>
            </param>
            <param index="1">
              <value>
                <![CDATA[public void testCase.CartTest.AddToCartTestCase() throws java.lang.Throwable]]>
              </value>
            </param>
          </params>
          <reporter-output>
          </reporter-output>
        </test-method> <!-- setup -->
        <test-method signature="AddToCartTestCase()[pri:0, instance:testCase.CartTest@6a2f6f80]" started-at="2025-06-26T19:21:49 IST" name="AddToCartTestCase" finished-at="2025-06-26T19:22:01 IST" duration-ms="12260" status="PASS">
          <reporter-output>
          </reporter-output>
        </test-method> <!-- AddToCartTestCase -->
        <test-method is-config="true" signature="getResult(org.testng.ITestResult)[pri:0, instance:testCase.CartTest@6a2f6f80]" started-at="2025-06-26T19:22:01 IST" name="getResult" finished-at="2025-06-26T19:22:02 IST" duration-ms="617" status="PASS">
          <params>
            <param index="0">
              <value>
                <![CDATA[[TestResult name=AddToCartTestCase status=SUCCESS method=CartTest.AddToCartTestCase()[pri:0, instance:testCase.CartTest@6a2f6f80] output={null}]]]>
              </value>
            </param>
          </params>
          <reporter-output>
          </reporter-output>
        </test-method> <!-- getResult -->
      </class> <!-- testCase.CartTest -->
      <class name="testCase.LoginTest">
        <test-method is-config="true" signature="startReport()[pri:0, instance:testCase.LoginTest@58a9760d]" started-at="2025-06-26T19:21:31 IST" name="startReport" finished-at="2025-06-26T19:21:32 IST" duration-ms="901" status="PASS">
          <reporter-output>
          </reporter-output>
        </test-method> <!-- startReport -->
        <test-method is-config="true" signature="setup(java.lang.String,java.lang.reflect.Method)[pri:0, instance:testCase.LoginTest@58a9760d]" started-at="2025-06-26T19:21:32 IST" name="setup" finished-at="2025-06-26T19:21:34 IST" duration-ms="2001" status="PASS">
          <params>
            <param index="0">
              <value>
                <![CDATA[chrome]]>
              </value>
            </param>
            <param index="1">
              <value>
                <![CDATA[public void testCase.LoginTest.LoginTestCase_1() throws java.lang.Throwable]]>
              </value>
            </param>
          </params>
          <reporter-output>
          </reporter-output>
        </test-method> <!-- setup -->
        <test-method signature="LoginTestCase_1()[pri:0, instance:testCase.LoginTest@58a9760d]" started-at="2025-06-26T19:21:34 IST" name="LoginTestCase_1" finished-at="2025-06-26T19:21:36 IST" duration-ms="1927" status="PASS">
          <reporter-output>
          </reporter-output>
        </test-method> <!-- LoginTestCase_1 -->
        <test-method is-config="true" signature="getResult(org.testng.ITestResult)[pri:0, instance:testCase.LoginTest@58a9760d]" started-at="2025-06-26T19:21:36 IST" name="getResult" finished-at="2025-06-26T19:21:36 IST" duration-ms="712" status="PASS">
          <params>
            <param index="0">
              <value>
                <![CDATA[[TestResult name=LoginTestCase_1 status=SUCCESS method=LoginTest.LoginTestCase_1()[pri:0, instance:testCase.LoginTest@58a9760d] output={null}]]]>
              </value>
            </param>
          </params>
          <reporter-output>
          </reporter-output>
        </test-method> <!-- getResult -->
        <test-method is-config="true" signature="setup(java.lang.String,java.lang.reflect.Method)[pri:0, instance:testCase.LoginTest@58a9760d]" started-at="2025-06-26T19:21:36 IST" name="setup" finished-at="2025-06-26T19:21:37 IST" duration-ms="896" status="PASS">
          <params>
            <param index="0">
              <value>
                <![CDATA[chrome]]>
              </value>
            </param>
            <param index="1">
              <value>
                <![CDATA[public void testCase.LoginTest.LoginTestCase_2() throws java.lang.InterruptedException]]>
              </value>
            </param>
          </params>
          <reporter-output>
          </reporter-output>
        </test-method> <!-- setup -->
        <test-method signature="LoginTestCase_2()[pri:0, instance:testCase.LoginTest@58a9760d]" started-at="2025-06-26T19:21:37 IST" name="LoginTestCase_2" finished-at="2025-06-26T19:21:39 IST" duration-ms="1584" status="PASS">
          <reporter-output>
          </reporter-output>
        </test-method> <!-- LoginTestCase_2 -->
        <test-method is-config="true" signature="getResult(org.testng.ITestResult)[pri:0, instance:testCase.LoginTest@58a9760d]" started-at="2025-06-26T19:21:39 IST" name="getResult" finished-at="2025-06-26T19:21:39 IST" duration-ms="463" status="PASS">
          <params>
            <param index="0">
              <value>
                <![CDATA[[TestResult name=LoginTestCase_2 status=SUCCESS method=LoginTest.LoginTestCase_2()[pri:0, instance:testCase.LoginTest@58a9760d] output={null}]]]>
              </value>
            </param>
          </params>
          <reporter-output>
          </reporter-output>
        </test-method> <!-- getResult -->
        <test-method is-config="true" signature="setup(java.lang.String,java.lang.reflect.Method)[pri:0, instance:testCase.LoginTest@58a9760d]" started-at="2025-06-26T19:21:39 IST" name="setup" finished-at="2025-06-26T19:21:40 IST" duration-ms="932" status="PASS">
          <params>
            <param index="0">
              <value>
                <![CDATA[chrome]]>
              </value>
            </param>
            <param index="1">
              <value>
                <![CDATA[public void testCase.LoginTest.verifyLocalStorageCheck() throws java.lang.Throwable]]>
              </value>
            </param>
          </params>
          <reporter-output>
          </reporter-output>
        </test-method> <!-- setup -->
        <test-method signature="verifyLocalStorageCheck()[pri:0, instance:testCase.LoginTest@58a9760d]" started-at="2025-06-26T19:21:40 IST" name="verifyLocalStorageCheck" finished-at="2025-06-26T19:21:42 IST" duration-ms="1471" status="PASS">
          <reporter-output>
          </reporter-output>
        </test-method> <!-- verifyLocalStorageCheck -->
        <test-method is-config="true" signature="getResult(org.testng.ITestResult)[pri:0, instance:testCase.LoginTest@58a9760d]" started-at="2025-06-26T19:21:42 IST" name="getResult" finished-at="2025-06-26T19:21:42 IST" duration-ms="566" status="PASS">
          <params>
            <param index="0">
              <value>
                <![CDATA[[TestResult name=verifyLocalStorageCheck status=SUCCESS method=LoginTest.verifyLocalStorageCheck()[pri:0, instance:testCase.LoginTest@58a9760d] output={null}]]]>
              </value>
            </param>
          </params>
          <reporter-output>
          </reporter-output>
        </test-method> <!-- getResult -->
        <test-method is-config="true" signature="tearDown()[pri:0, instance:testCase.LoginTest@58a9760d]" started-at="2025-06-26T19:22:02 IST" name="tearDown" finished-at="2025-06-26T19:22:02 IST" duration-ms="513" status="PASS">
          <reporter-output>
          </reporter-output>
        </test-method> <!-- tearDown -->
      </class> <!-- testCase.LoginTest -->
      <class name="testCase.AdvancedTestCase">
        <test-method is-config="true" signature="setup(java.lang.String,java.lang.reflect.Method)[pri:0, instance:testCase.AdvancedTestCase@1190200a]" started-at="2025-06-26T19:21:42 IST" name="setup" finished-at="2025-06-26T19:21:43 IST" duration-ms="910" status="PASS">
          <params>
            <param index="0">
              <value>
                <![CDATA[chrome]]>
              </value>
            </param>
            <param index="1">
              <value>
                <![CDATA[public void testCase.AdvancedTestCase.GetTextOverride() throws java.lang.InterruptedException]]>
              </value>
            </param>
          </params>
          <reporter-output>
          </reporter-output>
        </test-method> <!-- setup -->
        <test-method signature="GetTextOverride()[pri:0, instance:testCase.AdvancedTestCase@1190200a]" started-at="2025-06-26T19:21:43 IST" name="GetTextOverride" finished-at="2025-06-26T19:21:45 IST" duration-ms="1452" status="PASS">
          <reporter-output>
          </reporter-output>
        </test-method> <!-- GetTextOverride -->
        <test-method is-config="true" signature="getResult(org.testng.ITestResult)[pri:0, instance:testCase.AdvancedTestCase@1190200a]" started-at="2025-06-26T19:21:45 IST" name="getResult" finished-at="2025-06-26T19:21:45 IST" duration-ms="378" status="PASS">
          <params>
            <param index="0">
              <value>
                <![CDATA[[TestResult name=GetTextOverride status=SUCCESS method=AdvancedTestCase.GetTextOverride()[pri:0, instance:testCase.AdvancedTestCase@1190200a] output={null}]]]>
              </value>
            </param>
          </params>
          <reporter-output>
          </reporter-output>
        </test-method> <!-- getResult -->
        <test-method is-config="true" signature="setup(java.lang.String,java.lang.reflect.Method)[pri:0, instance:testCase.AdvancedTestCase@1190200a]" started-at="2025-06-26T19:21:45 IST" name="setup" finished-at="2025-06-26T19:21:46 IST" duration-ms="800" status="PASS">
          <params>
            <param index="0">
              <value>
                <![CDATA[chrome]]>
              </value>
            </param>
            <param index="1">
              <value>
                <![CDATA[public void testCase.AdvancedTestCase.validateUserNameSession()]]>
              </value>
            </param>
          </params>
          <reporter-output>
          </reporter-output>
        </test-method> <!-- setup -->
        <test-method signature="validateUserNameSession()[pri:0, instance:testCase.AdvancedTestCase@1190200a]" started-at="2025-06-26T19:21:46 IST" name="validateUserNameSession" finished-at="2025-06-26T19:21:47 IST" duration-ms="1612" status="PASS">
          <reporter-output>
          </reporter-output>
        </test-method> <!-- validateUserNameSession -->
        <test-method is-config="true" signature="getResult(org.testng.ITestResult)[pri:0, instance:testCase.AdvancedTestCase@1190200a]" started-at="2025-06-26T19:21:47 IST" name="getResult" finished-at="2025-06-26T19:21:48 IST" duration-ms="672" status="PASS">
          <params>
            <param index="0">
              <value>
                <![CDATA[[TestResult name=validateUserNameSession status=SUCCESS method=AdvancedTestCase.validateUserNameSession()[pri:0, instance:testCase.AdvancedTestCase@1190200a] output={null}]]]>
              </value>
            </param>
          </params>
          <reporter-output>
          </reporter-output>
        </test-method> <!-- getResult -->
      </class> <!-- testCase.AdvancedTestCase -->
    </test> <!-- AutomationTest -->
  </suite> <!-- Suite-1 -->
</testng-results>
